<?xml version="1.0" encoding="UTF-8" standalone="no"?><testsuite errors="2" failures="0" name="Register user" skipped="0" tests="7" time="4.59" timestamp="2026-06-10 08:24:02"><testcase name="Successful user registration"><error message="Expected condition failed: waiting for url to contain &quot;/verificar&quot;. Current url: &quot;https://finance-app-ui.vercel.app/registro&quot; (tried for 10 second(s) with 500 milliseconds interval)&#10;Build info: version: '4.16.1', revision: '9b4c83354e'&#10;System info: os.name: 'Windows 11', os.arch: 'amd64', os.version: '10.0', java.version: '17.0.15'&#10;Driver info: net.thucydides.core.webdriver.DevToolsWebDriverFacade&#10;Build info: version: '4.16.1', revision: '9b4c83354e'&#10;System info: os.name: 'Windows 11', os.arch: 'amd64', os.version: '10.0', java.version: '17.0.15'&#10;Driver info: driver.version: unknown" type="org.openqa.selenium.TimeoutException">Expected condition failed: waiting for url to contain "/verificar". Current url: "https://finance-app-ui.vercel.app/registro" (tried for 10 second(s) with 500 milliseconds interval)
Build info: version: '4.16.1', revision: '9b4c83354e'
System info: os.name: 'Windows 11', os.arch: 'amd64', os.version: '10.0', java.version: '17.0.15'
Driver info: net.thucydides.core.webdriver.DevToolsWebDriverFacade
Build info: version: '4.16.1', revision: '9b4c83354e'
System info: os.name: 'Windows 11', os.arch: 'amd64', os.version: '10.0', java.version: '17.0.15'
Driver info: driver.version: unknown</error><system-err>Expected condition failed: waiting for url to contain "/verificar". Current url: "https://finance-app-ui.vercel.app/registro" (tried for 10 second(s) with 500 milliseconds interval)
Build info: version: '4.16.1', revision: '9b4c83354e'
System info: os.name: 'Windows 11', os.arch: 'amd64', os.version: '10.0', java.version: '17.0.15'
Driver info: net.thucydides.core.webdriver.DevToolsWebDriverFacade
Build info: version: '4.16.1', revision: '9b4c83354e'
System info: os.name: 'Windows 11', os.arch: 'amd64', os.version: '10.0', java.version: '17.0.15'
Driver info: driver.version: unknown&#13;
co.edu.udea.qa.finanzaspersonales.stepdefinitions.AutenticacionSteps.verificarRedirectVerificacion(AutenticacionSteps.java:82)&#13;
✽.I am redirected to the verification page(file:///C:/Workspace/E2E_finanzas_FrabricaE/src/test/resources/features/autenticacion/registro_usuario.feature:10)&#13;
</system-err></testcase><testcase name="Failed registration due to already registered email"><error message="no such element: Unable to locate element: {&quot;method&quot;:&quot;css selector&quot;,&quot;selector&quot;:&quot;div.alert.alert--error, div.alert.alert--success&quot;}&#10;  (Session info: chrome=149.0.7827.55)&#10;For documentation on this error, please visit: https://www.selenium.dev/documentation/webdriver/troubleshooting/errors#no-such-element-exception&#10;Build info: version: '4.16.1', revision: '9b4c83354e'&#10;System info: os.name: 'Windows 11', os.arch: 'amd64', os.version: '10.0', java.version: '17.0.15'&#10;Driver info: org.openqa.selenium.chrome.ChromeDriver&#10;Command: [acf31d4ff8c5a0a8b5291b71f8280616, findElement {using=css selector, value=div.alert.alert--error, div.alert.alert--success}]&#10;Capabilities {acceptInsecureCerts: true, browserName: chrome, browserVersion: 149.0.7827.55, chrome: {chromedriverVersion: 149.0.7827.55 (3188f8a607ae..., userDataDir: C:\Users\Lenovo\AppData\Loc...}, fedcm:accounts: true, goog:chromeOptions: {debuggerAddress: localhost:56273}, goog:processID: 20948, networkConnectionEnabled: false, pageLoadStrategy: normal, platformName: windows, proxy: Proxy(), se:cdp: ws://localhost:56273/devtoo..., se:cdpVersion: 149.0.7827.55, setWindowRect: true, strictFileInteractability: false, timeouts: {implicit: 0, pageLoad: 300000, script: 30000}, unhandledPromptBehavior: dismiss and notify, webauthn:extension:credBlob: true, webauthn:extension:largeBlob: true, webauthn:extension:minPinLength: true, webauthn:extension:prf: true, webauthn:virtualAuthenticators: true}&#10;Session ID: acf31d4ff8c5a0a8b5291b71f8280616" type="org.openqa.selenium.NoSuchElementException">no such element: Unable to locate element: {"method":"css selector","selector":"div.alert.alert--error, div.alert.alert--success"}
  (Session info: chrome=149.0.7827.55)
For documentation on this error, please visit: https://www.selenium.dev/documentation/webdriver/troubleshooting/errors#no-such-element-exception
Build info: version: '4.16.1', revision: '9b4c83354e'
System info: os.name: 'Windows 11', os.arch: 'amd64', os.version: '10.0', java.version: '17.0.15'
Driver info: org.openqa.selenium.chrome.ChromeDriver
Command: [acf31d4ff8c5a0a8b5291b71f8280616, findElement {using=css selector, value=div.alert.alert--error, div.alert.alert--success}]
Capabilities {acceptInsecureCerts: true, browserName: chrome, browserVersion: 149.0.7827.55, chrome: {chromedriverVersion: 149.0.7827.55 (3188f8a607ae..., userDataDir: C:\Users\Lenovo\AppData\Loc...}, fedcm:accounts: true, goog:chromeOptions: {debuggerAddress: localhost:56273}, goog:processID: 20948, networkConnectionEnabled: false, pageLoadStrategy: normal, platformName: windows, proxy: Proxy(), se:cdp: ws://localhost:56273/devtoo..., se:cdpVersion: 149.0.7827.55, setWindowRect: true, strictFileInteractability: false, timeouts: {implicit: 0, pageLoad: 300000, script: 30000}, unhandledPromptBehavior: dismiss and notify, webauthn:extension:credBlob: true, webauthn:extension:largeBlob: true, webauthn:extension:minPinLength: true, webauthn:extension:prf: true, webauthn:virtualAuthenticators: true}
Session ID: acf31d4ff8c5a0a8b5291b71f8280616</error><system-err>no such element: Unable to locate element: {"method":"css selector","selector":"div.alert.alert--error, div.alert.alert--success"}
  (Session info: chrome=149.0.7827.55)
For documentation on this error, please visit: https://www.selenium.dev/documentation/webdriver/troubleshooting/errors#no-such-element-exception
Build info: version: '4.16.1', revision: '9b4c83354e'
System info: os.name: 'Windows 11', os.arch: 'amd64', os.version: '10.0', java.version: '17.0.15'
Driver info: org.openqa.selenium.chrome.ChromeDriver
Command: [acf31d4ff8c5a0a8b5291b71f8280616, findElement {using=css selector, value=div.alert.alert--error, div.alert.alert--success}]
Capabilities {acceptInsecureCerts: true, browserName: chrome, browserVersion: 149.0.7827.55, chrome: {chromedriverVersion: 149.0.7827.55 (3188f8a607ae..., userDataDir: C:\Users\Lenovo\AppData\Loc...}, fedcm:accounts: true, goog:chromeOptions: {debuggerAddress: localhost:56273}, goog:processID: 20948, networkConnectionEnabled: false, pageLoadStrategy: normal, platformName: windows, proxy: Proxy(), se:cdp: ws://localhost:56273/devtoo..., se:cdpVersion: 149.0.7827.55, setWindowRect: true, strictFileInteractability: false, timeouts: {implicit: 0, pageLoad: 300000, script: 30000}, unhandledPromptBehavior: dismiss and notify, webauthn:extension:credBlob: true, webauthn:extension:largeBlob: true, webauthn:extension:minPinLength: true, webauthn:extension:prf: true, webauthn:virtualAuthenticators: true}
Session ID: acf31d4ff8c5a0a8b5291b71f8280616&#13;
co.edu.udea.qa.finanzaspersonales.questions.MensajeAlerta.answeredBy(MensajeAlerta.java:20)&#13;
co.edu.udea.qa.finanzaspersonales.questions.MensajeAlerta.answeredBy(MensajeAlerta.java:12)&#13;
co.edu.udea.qa.finanzaspersonales.stepdefinitions.RegistrarTransaccionSteps.verificarMensaje(RegistrarTransaccionSteps.java:104)&#13;
worker.org.gradle.process.internal.worker.GradleWorkerMain.run(GradleWorkerMain.java:69)&#13;
worker.org.gradle.process.internal.worker.GradleWorkerMain.main(GradleWorkerMain.java:74)&#13;
</system-err></testcase><testcase name="Failed registration due to invalid password"/><testcase name="Failed registration due to empty fields"/></testsuite>